notification-mcp/app/build/intermediates/manifest_merge_blame_file/debug/manifest-merger-blame-debug-report.txt
1<?xml version="1.0" encoding="utf-8"?>
2<manifest xmlns:android="http://schemas.android.com/apk/res/android"
3    package="com.miclaw.notification"
4    android:versionCode="1"
5    android:versionName="1.0.0" >
6
7    <uses-sdk
8        android:minSdkVersion="30"
9        android:targetSdkVersion="34" />
10
11    <!-- 通知使用权 -->
12    <uses-permission android:name="android.permission.BIND_NOTIFICATION_LISTENER_SERVICE" />
12-->src\main\AndroidManifest.xml:6:5-93
12-->src\main\AndroidManifest.xml:6:22-90
13
14    <!-- 前台服务 -->
15    <uses-permission android:name="android.permission.FOREGROUND_SERVICE" />
15-->src\main\AndroidManifest.xml:9:5-77
15-->src\main\AndroidManifest.xml:9:22-74
16    <uses-permission android:name="android.permission.FOREGROUND_SERVICE_SPECIAL_USE" />
16-->src\main\AndroidManifest.xml:10:5-89
16-->src\main\AndroidManifest.xml:10:22-86
17
18    <!-- 开机自启 -->
19    <uses-permission android:name="android.permission.RECEIVE_BOOT_COMPLETED" />
19-->src\main\AndroidManifest.xml:13:5-81
19-->src\main\AndroidManifest.xml:13:22-78
20
21    <!-- 唤醒锁 -->
22    <uses-permission android:name="android.permission.WAKE_LOCK" />
22-->src\main\AndroidManifest.xml:16:5-68
22-->src\main\AndroidManifest.xml:16:22-65
23
24    <!-- 显示服务状态通知 -->
25    <uses-permission android:name="android.permission.POST_NOTIFICATIONS" />
25-->src\main\AndroidManifest.xml:19:5-77
25-->src\main\AndroidManifest.xml:19:22-74
26
27    <!-- 网络（WebSocket 通信） -->
28    <uses-permission android:name="android.permission.INTERNET" />
28-->src\main\AndroidManifest.xml:22:5-67
28-->src\main\AndroidManifest.xml:22:22-64
29    <uses-permission android:name="android.permission.ACCESS_NETWORK_STATE" />
29-->src\main\AndroidManifest.xml:23:5-79
29-->src\main\AndroidManifest.xml:23:22-76
30
31    <!-- 电池优化白名单 -->
32    <uses-permission android:name="android.permission.REQUEST_IGNORE_BATTERY_OPTIMIZATIONS" />
32-->src\main\AndroidManifest.xml:26:5-95
32-->src\main\AndroidManifest.xml:26:22-92
33
34    <permission
34-->[androidx.core:core:1.12.0] AndroidManifest.xml:22:5-24:47
35        android:name="com.miclaw.notification.DYNAMIC_RECEIVER_NOT_EXPORTED_PERMISSION"
35-->[androidx.core:core:1.12.0] AndroidManifest.xml:23:9-81
36        android:protectionLevel="signature" />
36-->[androidx.core:core:1.12.0] AndroidManifest.xml:24:9-44
37
38    <uses-permission android:name="com.miclaw.notification.DYNAMIC_RECEIVER_NOT_EXPORTED_PERMISSION" />
38-->[androidx.core:core:1.12.0] AndroidManifest.xml:26:5-97
38-->[androidx.core:core:1.12.0] AndroidManifest.xml:26:22-94
39
40    <application
40-->src\main\AndroidManifest.xml:28:5-88:19
41        android:name="com.miclaw.notification.NotificationMcpApp"
41-->src\main\AndroidManifest.xml:29:9-43
42        android:allowBackup="false"
42-->src\main\AndroidManifest.xml:30:9-36
43        android:appComponentFactory="androidx.core.app.CoreComponentFactory"
43-->[androidx.core:core:1.12.0] AndroidManifest.xml:28:18-86
44        android:debuggable="true"
45        android:extractNativeLibs="false"
46        android:icon="@mipmap/ic_launcher"
46-->src\main\AndroidManifest.xml:31:9-43
47        android:label="@string/app_name"
47-->src\main\AndroidManifest.xml:33:9-41
48        android:roundIcon="@mipmap/ic_launcher_round"
48-->src\main\AndroidManifest.xml:32:9-54
49        android:supportsRtl="true"
49-->src\main\AndroidManifest.xml:34:9-35
50        android:theme="@style/Theme.NotificationMcp"
50-->src\main\AndroidManifest.xml:35:9-53
51        android:usesCleartextTraffic="true" >
51-->src\main\AndroidManifest.xml:36:9-44
52
53        <!-- 通知监听服务 -->
54        <service
54-->src\main\AndroidManifest.xml:40:9-47:19
55            android:name="com.miclaw.notification.service.NotificationListenerServiceImpl"
55-->src\main\AndroidManifest.xml:41:13-68
56            android:exported="true"
56-->src\main\AndroidManifest.xml:42:13-36
57            android:permission="android.permission.BIND_NOTIFICATION_LISTENER_SERVICE" >
57-->src\main\AndroidManifest.xml:43:13-87
58            <intent-filter>
58-->src\main\AndroidManifest.xml:44:13-46:29
59                <action android:name="android.service.notification.NotificationListenerService" />
59-->src\main\AndroidManifest.xml:45:17-99
59-->src\main\AndroidManifest.xml:45:25-96
60            </intent-filter>
61        </service>
62
63        <!-- 前台服务（保活） -->
64        <service
64-->src\main\AndroidManifest.xml:50:9-53:58
65            android:name="com.miclaw.notification.service.KeepAliveService"
65-->src\main\AndroidManifest.xml:51:13-53
66            android:exported="false"
66-->src\main\AndroidManifest.xml:52:13-37
67            android:foregroundServiceType="specialUse" />
67-->src\main\AndroidManifest.xml:53:13-55
68
69        <!-- 守护进程服务 -->
70        <service
70-->src\main\AndroidManifest.xml:56:9-58:40
71            android:name="com.miclaw.notification.service.WatchdogService"
71-->src\main\AndroidManifest.xml:57:13-52
72            android:exported="false" />
72-->src\main\AndroidManifest.xml:58:13-37
73
74        <!-- 主 Activity（状态面板） -->
75        <activity
75-->src\main\AndroidManifest.xml:61:9-69:20
76            android:name="com.miclaw.notification.ui.MainActivity"
76-->src\main\AndroidManifest.xml:62:13-44
77            android:exported="true"
77-->src\main\AndroidManifest.xml:63:13-36
78            android:theme="@style/Theme.NotificationMcp" >
78-->src\main\AndroidManifest.xml:64:13-57
79            <intent-filter>
79-->src\main\AndroidManifest.xml:65:13-68:29
80                <action android:name="android.intent.action.MAIN" />
80-->src\main\AndroidManifest.xml:66:17-69
80-->src\main\AndroidManifest.xml:66:25-66
81
82                <category android:name="android.intent.category.LAUNCHER" />
82-->src\main\AndroidManifest.xml:67:17-77
82-->src\main\AndroidManifest.xml:67:27-74
83            </intent-filter>
84        </activity>
85
86        <!-- 故障排查 Activity -->
87        <activity
87-->src\main\AndroidManifest.xml:72:9-75:60
88            android:name="com.miclaw.notification.ui.DiagnosticActivity"
88-->src\main\AndroidManifest.xml:73:13-50
89            android:exported="false"
89-->src\main\AndroidManifest.xml:74:13-37
90            android:theme="@style/Theme.NotificationMcp" />
90-->src\main\AndroidManifest.xml:75:13-57
91
92        <!-- 开机自启 + 应用更新广播 -->
93        <receiver
93-->src\main\AndroidManifest.xml:78:9-86:20
94            android:name="com.miclaw.notification.receiver.BootReceiver"
94-->src\main\AndroidManifest.xml:79:13-50
95            android:exported="true" >
95-->src\main\AndroidManifest.xml:80:13-36
96            <intent-filter>
96-->src\main\AndroidManifest.xml:81:13-85:29
97                <action android:name="android.intent.action.BOOT_COMPLETED" />
97-->src\main\AndroidManifest.xml:82:17-79
97-->src\main\AndroidManifest.xml:82:25-76
98                <action android:name="android.intent.action.QUICKBOOT_POWERON" />
98-->src\main\AndroidManifest.xml:83:17-82
98-->src\main\AndroidManifest.xml:83:25-79
99                <action android:name="android.intent.action.MY_PACKAGE_REPLACED" />
99-->src\main\AndroidManifest.xml:84:17-84
99-->src\main\AndroidManifest.xml:84:25-81
100            </intent-filter>
101        </receiver>
102
103        <provider
103-->[androidx.emoji2:emoji2:1.2.0] AndroidManifest.xml:24:9-32:20
104            android:name="androidx.startup.InitializationProvider"
104-->[androidx.emoji2:emoji2:1.2.0] AndroidManifest.xml:25:13-67
105            android:authorities="com.miclaw.notification.androidx-startup"
105-->[androidx.emoji2:emoji2:1.2.0] AndroidManifest.xml:26:13-68
106            android:exported="false" >
106-->[androidx.emoji2:emoji2:1.2.0] AndroidManifest.xml:27:13-37
107            <meta-data
107-->[androidx.emoji2:emoji2:1.2.0] AndroidManifest.xml:29:13-31:52
108                android:name="androidx.emoji2.text.EmojiCompatInitializer"
108-->[androidx.emoji2:emoji2:1.2.0] AndroidManifest.xml:30:17-75
109                android:value="androidx.startup" />
109-->[androidx.emoji2:emoji2:1.2.0] AndroidManifest.xml:31:17-49
110            <meta-data
110-->[androidx.lifecycle:lifecycle-process:2.7.0] AndroidManifest.xml:29:13-31:52
111                android:name="androidx.lifecycle.ProcessLifecycleInitializer"
111-->[androidx.lifecycle:lifecycle-process:2.7.0] AndroidManifest.xml:30:17-78
112                android:value="androidx.startup" />
112-->[androidx.lifecycle:lifecycle-process:2.7.0] AndroidManifest.xml:31:17-49
113            <meta-data
113-->[androidx.profileinstaller:profileinstaller:1.3.0] AndroidManifest.xml:29:13-31:52
114                android:name="androidx.profileinstaller.ProfileInstallerInitializer"
114-->[androidx.profileinstaller:profileinstaller:1.3.0] AndroidManifest.xml:30:17-85
115                android:value="androidx.startup" />
115-->[androidx.profileinstaller:profileinstaller:1.3.0] AndroidManifest.xml:31:17-49
116        </provider>
117
118        <service
118-->[androidx.room:room-runtime:2.6.1] AndroidManifest.xml:24:9-28:63
119            android:name="androidx.room.MultiInstanceInvalidationService"
119-->[androidx.room:room-runtime:2.6.1] AndroidManifest.xml:25:13-74
120            android:directBootAware="true"
120-->[androidx.room:room-runtime:2.6.1] AndroidManifest.xml:26:13-43
121            android:exported="false" />
121-->[androidx.room:room-runtime:2.6.1] AndroidManifest.xml:27:13-37
122
123        <receiver
123-->[androidx.profileinstaller:profileinstaller:1.3.0] AndroidManifest.xml:34:9-52:20
124            android:name="androidx.profileinstaller.ProfileInstallReceiver"
124-->[androidx.profileinstaller:profileinstaller:1.3.0] AndroidManifest.xml:35:13-76
125            android:directBootAware="false"
125-->[androidx.profileinstaller:profileinstaller:1.3.0] AndroidManifest.xml:36:13-44
126            android:enabled="true"
126-->[androidx.profileinstaller:profileinstaller:1.3.0] AndroidManifest.xml:37:13-35
127            android:exported="true"
127-->[androidx.profileinstaller:profileinstaller:1.3.0] AndroidManifest.xml:38:13-36
128            android:permission="android.permission.DUMP" >
128-->[androidx.profileinstaller:profileinstaller:1.3.0] AndroidManifest.xml:39:13-57
129            <intent-filter>
129-->[androidx.profileinstaller:profileinstaller:1.3.0] AndroidManifest.xml:40:13-42:29
130                <action android:name="androidx.profileinstaller.action.INSTALL_PROFILE" />
130-->[androidx.profileinstaller:profileinstaller:1.3.0] AndroidManifest.xml:41:17-91
130-->[androidx.profileinstaller:profileinstaller:1.3.0] AndroidManifest.xml:41:25-88
131            </intent-filter>
132            <intent-filter>
132-->[androidx.profileinstaller:profileinstaller:1.3.0] AndroidManifest.xml:43:13-45:29
133                <action android:name="androidx.profileinstaller.action.SKIP_FILE" />
133-->[androidx.profileinstaller:profileinstaller:1.3.0] AndroidManifest.xml:44:17-85
133-->[androidx.profileinstaller:profileinstaller:1.3.0] AndroidManifest.xml:44:25-82
134            </intent-filter>
135            <intent-filter>
135-->[androidx.profileinstaller:profileinstaller:1.3.0] AndroidManifest.xml:46:13-48:29
136                <action android:name="androidx.profileinstaller.action.SAVE_PROFILE" />
136-->[androidx.profileinstaller:profileinstaller:1.3.0] AndroidManifest.xml:47:17-88
136-->[androidx.profileinstaller:profileinstaller:1.3.0] AndroidManifest.xml:47:25-85
137            </intent-filter>
138            <intent-filter>
138-->[androidx.profileinstaller:profileinstaller:1.3.0] AndroidManifest.xml:49:13-51:29
139                <action android:name="androidx.profileinstaller.action.BENCHMARK_OPERATION" />
139-->[androidx.profileinstaller:profileinstaller:1.3.0] AndroidManifest.xml:50:17-95
139-->[androidx.profileinstaller:profileinstaller:1.3.0] AndroidManifest.xml:50:25-92
140            </intent-filter>
141        </receiver>
142    </application>
143
144</manifest>